  AttributeTranslator.cpp
C:\Program Files (x86)\Microsoft Visual Studio\2019\Community\VC\Tools\MSVC\14.29.30133\include\unordered_set(50,99): error C2280: 'std::_Uhash_compare<_Kty,_Hasher,_Keyeq>::_Uhash_compare(const std::_Uhash_compare<_Kty,_Hasher,_Keyeq> &)': attempting to reference a deleted function
          with
          [
              _Kty=AttValPair,
              _Hasher=std::hash<AttValPair>,
              _Keyeq=std::equal_to<AttValPair>
          ]
C:\Program Files (x86)\Microsoft Visual Studio\2019\Community\VC\Tools\MSVC\14.29.30133\include\xhash(168): message : compiler has generated 'std::_Uhash_compare<_Kty,_Hasher,_Keyeq>::_Uhash_compare' here
          with
          [
              _Kty=AttValPair,
              _Hasher=std::hash<AttValPair>,
              _Keyeq=std::equal_to<AttValPair>
          ]
C:\Program Files (x86)\Microsoft Visual Studio\2019\Community\VC\Tools\MSVC\14.29.30133\include\xhash(168,1): message : 'std::_Uhash_compare<_Kty,_Hasher,_Keyeq>::_Uhash_compare(const std::_Uhash_compare<_Kty,_Hasher,_Keyeq> &)': function was implicitly deleted because a data member invokes a deleted or inaccessible function 'std::_Compressed_pair<_Hasher,std::_Compressed_pair<_Keyeq,float,true>,true>::_Compressed_pair(const std::_Compressed_pair<_Hasher,std::_Compressed_pair<_Keyeq,float,true>,true> &)'
          with
          [
              _Kty=AttValPair,
              _Hasher=std::hash<AttValPair>,
              _Keyeq=std::equal_to<AttValPair>
          ]
          and
          [
              _Hasher=std::hash<AttValPair>,
              _Keyeq=std::equal_to<AttValPair>
          ]
C:\Program Files (x86)\Microsoft Visual Studio\2019\Community\VC\Tools\MSVC\14.29.30133\include\xmemory(1404,1): message : 'std::_Compressed_pair<_Hasher,std::_Compressed_pair<_Keyeq,float,true>,true>::_Compressed_pair(const std::_Compressed_pair<_Hasher,std::_Compressed_pair<_Keyeq,float,true>,true> &)': function was implicitly deleted because a base class invokes a deleted or inaccessible function 'std::hash<AttValPair>::hash(const std::hash<AttValPair> &)'
          with
          [
              _Hasher=std::hash<AttValPair>,
              _Keyeq=std::equal_to<AttValPair>
          ]
C:\Program Files (x86)\Microsoft Visual Studio\2019\Community\VC\Tools\MSVC\14.29.30133\include\type_traits(2256,1): message : 'std::hash<AttValPair>::hash(const std::hash<AttValPair> &)': function was implicitly deleted because a base class invokes a deleted or inaccessible function 'std::_Conditionally_enabled_hash<_Kty,false>::_Conditionally_enabled_hash(const std::_Conditionally_enabled_hash<_Kty,false> &)'
          with
          [
              _Kty=AttValPair
          ]
C:\Program Files (x86)\Microsoft Visual Studio\2019\Community\VC\Tools\MSVC\14.29.30133\include\type_traits(2241,5): message : 'std::_Conditionally_enabled_hash<_Kty,false>::_Conditionally_enabled_hash(const std::_Conditionally_enabled_hash<_Kty,false> &)': function was explicitly deleted
          with
          [
              _Kty=AttValPair
          ]
C:\Program Files (x86)\Microsoft Visual Studio\2019\Community\VC\Tools\MSVC\14.29.30133\include\unordered_set(50): message : while compiling class template member function 'std::_Uset_traits<_Kty,std::_Uhash_compare<_Kty,_Hasher,_Keyeq>,_Alloc,false>::_Uset_traits(const _Tr &) noexcept(false)'
          with
          [
              _Kty=AttValPair,
              _Hasher=std::hash<AttValPair>,
              _Keyeq=std::equal_to<AttValPair>,
              _Alloc=std::allocator<AttValPair>,
              _Tr=std::_Uhash_compare<AttValPair,std::hash<AttValPair>,std::equal_to<AttValPair>>
          ]
C:\Program Files (x86)\Microsoft Visual Studio\2019\Community\VC\Tools\MSVC\14.29.30133\include\xhash(368): message : see reference to function template instantiation 'std::_Uset_traits<_Kty,std::_Uhash_compare<_Kty,_Hasher,_Keyeq>,_Alloc,false>::_Uset_traits(const _Tr &) noexcept(false)' being compiled
          with
          [
              _Kty=AttValPair,
              _Hasher=std::hash<AttValPair>,
              _Keyeq=std::equal_to<AttValPair>,
              _Alloc=std::allocator<AttValPair>,
              _Tr=std::_Uhash_compare<AttValPair,std::hash<AttValPair>,std::equal_to<AttValPair>>
          ]
C:\Program Files (x86)\Microsoft Visual Studio\2019\Community\VC\Tools\MSVC\14.29.30133\include\xhash(327): message : see reference to class template instantiation 'std::_Uset_traits<_Kty,std::_Uhash_compare<_Kty,_Hasher,_Keyeq>,_Alloc,false>' being compiled
          with
          [
              _Kty=AttValPair,
              _Hasher=std::hash<AttValPair>,
              _Keyeq=std::equal_to<AttValPair>,
              _Alloc=std::allocator<AttValPair>
          ]
C:\Program Files (x86)\Microsoft Visual Studio\2019\Community\VC\Tools\MSVC\14.29.30133\include\unordered_set(65): message : see reference to class template instantiation 'std::_Hash<std::_Uset_traits<_Kty,std::_Uhash_compare<_Kty,_Hasher,_Keyeq>,_Alloc,false>>' being compiled
          with
          [
              _Kty=AttValPair,
              _Hasher=std::hash<AttValPair>,
              _Keyeq=std::equal_to<AttValPair>,
              _Alloc=std::allocator<AttValPair>
          ]
C:\Users\pmukh\code\Unhinged\Unhinged\AttributeTranslator.cpp(43): message : see reference to class template instantiation 'std::unordered_set<AttValPair,std::hash<AttValPair>,std::equal_to<AttValPair>,std::allocator<AttValPair>>' being compiled
